<?xml version="1.0" encoding="UTF-8"?>
<testng-results skipped="0" failed="0" ignored="0" total="1" passed="1">
  <reporter-output>
  </reporter-output>
  <suite name="Default suite" duration-ms="3079" started-at="2019-09-12T01:22:38 IST" finished-at="2019-09-12T01:22:41 IST">
    <groups>
    </groups>
    <test name="Default test" duration-ms="3079" started-at="2019-09-12T01:22:38 IST" finished-at="2019-09-12T01:22:41 IST">
      <class name="com.qa.testoutput.GetAPITest">
        <test-method status="PASS" signature="setUp()[pri:0, instance:com.qa.testoutput.GetAPITest@185d8b6]" name="setUp" is-config="true" duration-ms="44" started-at="2019-09-12T01:22:38 IST" finished-at="2019-09-12T01:22:38 IST">
          <reporter-output>
          </reporter-output>
        </test-method> <!-- setUp -->
        <test-method status="PASS" signature="case1()[pri:0, instance:com.qa.testoutput.GetAPITest@185d8b6]" name="case1" duration-ms="2935" started-at="2019-09-12T01:22:38 IST" finished-at="2019-09-12T01:22:41 IST">
          <reporter-output>
          </reporter-output>
        </test-method> <!-- case1 -->
      </class> <!-- com.qa.testoutput.GetAPITest -->
    </test> <!-- Default test -->
  </suite> <!-- Default suite -->
</testng-results>
